<?xml version='1.0'?>
<ns2:test-suite xmlns:ns2='urn:model.allure.qatools.yandex.ru' start='1663768720613' stop='1663768736445'>
    <name>Check registration possibility through `Try for free ->` field</name>
    <title>Check registration possibility through `Try for free ->` field</title>
    <test-cases>
        <test-case start='1663768720614' status='pending' stop='1663768720614'>
            <name>TC-001 Check registration with valid credentials</name>
            <title>TC-001 Check registration with valid credentials</title>
            <labels/>
            <parameters/>
            <steps/>
            <attachments/>
            <failure>
                <message>Test ignored</message>
                <stack-trace>undefined</stack-trace>
            </failure>
        </test-case>
        <test-case start='1663768720614' status='failed' stop='1663768736444'>
            <name>TC-002 Check registration with invalid credentials</name>
            <title>TC-002 Check registration with invalid credentials</title>
            <labels>
                <label name='language' value='javascript'/>
                <label name='framework' value='wdio'/>
                <label name='thread' value='0-0'/>
            </labels>
            <parameters>
                <parameter kind='argument' name='browser' value='chrome-105.0.5195.127'/>
            </parameters>
            <steps/>
            <attachments/>
            <failure>
                <message>Expect $(`input[name="email"]`) to have property value containing
                
                Expected: "test123@ua.com"
                Received: "test123@ua"</message>
                <stack-trace>Error: Expect $(`input[name="email"]`) to have property value containing
                
                Expected: "test123@ua.com"
                Received: "test123@ua"
                    at Context.&lt;anonymous> (C:\Users\GRIM\Desktop\QA\wdio-allure-pipeline__telnix.com\test\specs\registrationTest.spec.js:27:42)
                    at processTicksAndRejections (node:internal/process/task_queues:96:5)</stack-trace>
            </failure>
        </test-case>
    </test-cases>
</ns2:test-suite>