<?xml version='1.0'?>
<ns2:test-suite xmlns:ns2='urn:model.allure.qatools.yandex.ru' start='1663770510402' stop='1663770510810'>
    <name>Check registration possibility through `Try for free ->` field</name>
    <title>Check registration possibility through `Try for free ->` field</title>
    <test-cases>
        <test-case start='1663770510403' status='broken' stop='1663770510623'>
            <name>TC-001 Check registration with valid credentials</name>
            <title>TC-001 Check registration with valid credentials</title>
            <labels>
                <label name='language' value='javascript'/>
                <label name='framework' value='wdio'/>
                <label name='thread' value='0-0'/>
            </labels>
            <parameters>
                <parameter kind='argument' name='browser' value='chrome-105.0.5195.127'/>
            </parameters>
            <steps/>
            <attachments/>
            <failure>
                <message>(intermediate value).open is not a function</message>
                <stack-trace>TypeError: (intermediate value).open is not a function
                    at MainPage.open__siteMainPage (C:\Users\GRIM\Desktop\QA\wdio-allure-pipeline__telnix.com\test\pageobjects\main.page.js:15:11)
                    at Context.&lt;anonymous> (C:\Users\GRIM\Desktop\QA\wdio-allure-pipeline__telnix.com\test\specs\registrationTest.spec.js:9:20)
                    at Context.executeAsync (C:\Users\GRIM\Desktop\QA\wdio-allure-pipeline__telnix.com\node_modules\@wdio\utils\build\shim.js:333:27)
                    at Context.testFrameworkFnWrapper (C:\Users\GRIM\Desktop\QA\wdio-allure-pipeline__telnix.com\node_modules\@wdio\utils\build\test-framework\testFnWrapper.js:51:32)</stack-trace>
            </failure>
        </test-case>
        <test-case start='1663770510624' status='broken' stop='1663770510809'>
            <name>TC-002 Check registration with invalid credentials</name>
            <title>TC-002 Check registration with invalid credentials</title>
            <labels>
                <label name='language' value='javascript'/>
                <label name='framework' value='wdio'/>
                <label name='thread' value='0-0'/>
            </labels>
            <parameters>
                <parameter kind='argument' name='browser' value='chrome-105.0.5195.127'/>
            </parameters>
            <steps/>
            <attachments/>
            <failure>
                <message>(intermediate value).open is not a function</message>
                <stack-trace>TypeError: (intermediate value).open is not a function
                    at MainPage.open__siteMainPage (C:\Users\GRIM\Desktop\QA\wdio-allure-pipeline__telnix.com\test\pageobjects\main.page.js:15:11)
                    at Context.&lt;anonymous> (C:\Users\GRIM\Desktop\QA\wdio-allure-pipeline__telnix.com\test\specs\registrationTest.spec.js:21:20)
                    at Context.executeAsync (C:\Users\GRIM\Desktop\QA\wdio-allure-pipeline__telnix.com\node_modules\@wdio\utils\build\shim.js:333:27)
                    at Context.testFrameworkFnWrapper (C:\Users\GRIM\Desktop\QA\wdio-allure-pipeline__telnix.com\node_modules\@wdio\utils\build\test-framework\testFnWrapper.js:51:32)</stack-trace>
            </failure>
        </test-case>
    </test-cases>
</ns2:test-suite>